\BOOKMARK [0][-]{chapter.1}{\376\377\000T\000h\000e\000\040\000R\000u\000s\000t\000\040\000p\000r\000o\000g\000r\000a\000m\000m\000i\000n\000g\000\040\000l\000a\000n\000g\000u\000a\000g\000e}{}% 1
\BOOKMARK [1][-]{section.1.1}{\376\377\000D\000a\000t\000a\000\040\000t\000y\000p\000e\000s}{chapter.1}% 2
\BOOKMARK [2][-]{subsection.1.1.1}{\376\377\000U\000s\000e\000r\000\040\000d\000e\000f\000i\000n\000e\000d\000\040\000t\000y\000p\000e\000s}{section.1.1}% 3
\BOOKMARK [1][-]{section.1.2}{\376\377\000I\000m\000p\000l\000e\000m\000e\000n\000t\000a\000t\000i\000o\000n\000s}{chapter.1}% 4
\BOOKMARK [2][-]{subsection.1.2.1}{\376\377\000I\000n\000h\000e\000r\000e\000n\000t\000\040\000i\000m\000p\000l\000e\000m\000e\000n\000t\000a\000t\000i\000o\000n\000s}{section.1.2}% 5
\BOOKMARK [1][-]{section.1.3}{\376\377\000G\000e\000n\000e\000r\000i\000c\000\040\000t\000y\000p\000e\000s}{chapter.1}% 6
\BOOKMARK [2][-]{subsection.1.3.1}{\376\377\000T\000y\000p\000e\000\040\000p\000a\000r\000a\000m\000e\000t\000e\000r\000s}{section.1.3}% 7
\BOOKMARK [2][-]{subsection.1.3.2}{\376\377\000C\000o\000n\000s\000t\000a\000n\000t\000\040\000p\000a\000r\000a\000m\000e\000t\000e\000r\000s}{section.1.3}% 8
\BOOKMARK [2][-]{subsection.1.3.3}{\376\377\000L\000i\000f\000e\000t\000i\000m\000e\000\040\000p\000a\000r\000a\000m\000e\000t\000e\000r\000s}{section.1.3}% 9
\BOOKMARK [1][-]{section.1.4}{\376\377\000T\000y\000p\000e\000\040\000l\000e\000v\000e\000l\000\040\000a\000b\000s\000t\000r\000a\000c\000t\000i\000o\000n}{chapter.1}% 10
\BOOKMARK [1][-]{section.1.5}{\376\377\000I\000m\000p\000l\000e\000m\000e\000n\000t\000a\000t\000i\000o\000n\000\040\000C\000o\000h\000e\000r\000e\000n\000c\000e}{chapter.1}% 11
\BOOKMARK [2][-]{subsection.1.5.1}{\376\377\000O\000r\000p\000h\000a\000n\000\040\000R\000u\000l\000e}{section.1.5}% 12
\BOOKMARK [0][-]{chapter.2}{\376\377\000O\000p\000e\000n\000G\000L}{}% 13
\BOOKMARK [1][-]{section.2.1}{\376\377\000I\000n\000t\000r\000o\000d\000u\000c\000t\000i\000o\000n}{chapter.2}% 14
\BOOKMARK [1][-]{section.2.2}{\376\377\000O\000p\000e\000n\000G\000L\000\040\000o\000b\000j\000e\000c\000t\000s}{chapter.2}% 15
\BOOKMARK [2][-]{subsection.2.2.1}{\376\377\000B\000u\000f\000f\000e\000r\000\040\000o\000b\000j\000e\000c\000t}{section.2.2}% 16
\BOOKMARK [2][-]{subsection.2.2.2}{\376\377\000V\000e\000r\000t\000e\000x\000\040\000A\000r\000r\000a\000y\000\040\000o\000b\000j\000e\000c\000t}{section.2.2}% 17
\BOOKMARK [1][-]{section.2.3}{\376\377\000H\000i\000s\000t\000o\000r\000y}{chapter.2}% 18
\BOOKMARK [1][-]{section.2.4}{\376\377\000M\000o\000d\000e\000r\000n\000\040\000O\000p\000e\000n\000G\000L}{chapter.2}% 19
\BOOKMARK [1][-]{section.2.5}{\376\377\000G\000r\000a\000p\000h\000i\000c\000s\000\040\000p\000i\000p\000e\000l\000i\000n\000e}{chapter.2}% 20
\BOOKMARK [2][-]{subsection.2.5.1}{\376\377\000V\000e\000r\000t\000e\000x\000\040\000S\000p\000e\000c\000i\000f\000i\000c\000a\000t\000i\000o\000n}{section.2.5}% 21
\BOOKMARK [2][-]{subsection.2.5.2}{\376\377\000V\000e\000r\000t\000e\000x\000\040\000S\000h\000a\000d\000e\000r}{section.2.5}% 22
\BOOKMARK [2][-]{subsection.2.5.3}{\376\377\000T\000e\000s\000s\000e\000l\000l\000a\000t\000i\000o\000n}{section.2.5}% 23
\BOOKMARK [2][-]{subsection.2.5.4}{\376\377\000G\000e\000o\000m\000e\000t\000r\000y\000\040\000s\000h\000a\000d\000i\000n\000g}{section.2.5}% 24
\BOOKMARK [2][-]{subsection.2.5.5}{\376\377\000F\000i\000x\000e\000d\000\040\000f\000u\000n\000c\000t\000i\000o\000n\000\040\000v\000e\000r\000t\000e\000x\000\040\000p\000o\000s\000t\000-\000p\000r\000o\000c\000e\000s\000s\000i\000n\000g}{section.2.5}% 25
\BOOKMARK [2][-]{subsection.2.5.6}{\376\377\000R\000a\000s\000t\000e\000r\000i\000z\000a\000t\000i\000o\000n}{section.2.5}% 26
\BOOKMARK [2][-]{subsection.2.5.7}{\376\377\000F\000r\000a\000g\000m\000e\000n\000t\000\040\000p\000r\000o\000c\000e\000s\000s\000i\000n\000g}{section.2.5}% 27
\BOOKMARK [2][-]{subsection.2.5.8}{\376\377\000F\000r\000a\000g\000m\000e\000n\000t\000\040\000p\000o\000s\000t\000\040\000p\000r\000o\000c\000e\000s\000s\000i\000n\000g}{section.2.5}% 28
\BOOKMARK [1][-]{section.2.6}{\376\377\000G\000L\000S\000L}{chapter.2}% 29
\BOOKMARK [2][-]{subsection.2.6.1}{\376\377\000V\000a\000r\000i\000a\000b\000l\000e\000s}{section.2.6}% 30
\BOOKMARK [2][-]{subsection.2.6.2}{\376\377\000V\000a\000r\000i\000a\000b\000l\000e\000\040\000t\000y\000p\000e\000\040\000q\000u\000a\000l\000i\000f\000i\000e\000r\000s}{section.2.6}% 31
\BOOKMARK [2][-]{subsection.2.6.3}{\376\377\000V\000a\000r\000i\000a\000b\000l\000e\000\040\000s\000t\000o\000r\000a\000g\000e\000\040\000q\000u\000a\000l\000i\000f\000i\000e\000r\000s}{section.2.6}% 32
\BOOKMARK [2][-]{subsection.2.6.4}{\376\377\000V\000a\000r\000i\000a\000b\000l\000e\000\040\000l\000a\000y\000o\000u\000t\000\040\000q\000u\000a\000l\000i\000f\000i\000e\000r\000s}{section.2.6}% 33
\BOOKMARK [0][-]{chapter*.6}{\376\377\000B\000i\000b\000l\000i\000o\000g\000r\000a\000p\000h\000y}{}% 34
